2025-02-19 23:45:46,019 

2025-02-19 23:45:46,019 Wrapper TAE start Configuration(id=UUID('46c48f2a-2887-4a66-aa3f-d9d347fa9dd7'), conf={'cost_type': 'normal', 'fast_downward_search_config': 'astar', 'h_1': 'add', 'm': 3, 'preferred_1': 1, 'astar_h': 'cg', 'before_merging': True, 'before_shrinking': True, 'greedy': True, 'max_states': 142790316, 'nr_preferred': '3', 'number_h': '2', 'threshold_before_merge': False, 'w': 9, 'weight': 2, 'h_2': 'ff', 'h_3': 'cea', 'preferred_2': 1, 'preferred_3': 1}, generator=<Generator.random: 2>), /media/dweiss/Transcend7/AIPlan4EU/Code/Unified-Planning-Git/up-ac_110/cluster_for_paper/up-ac/up_ac/test_problems/safe_road/problem.pddl
2025-02-19 23:45:46,035 Binding TA to core: 0
2025-02-19 23:45:49,255 Wrapper TAE end Configuration(id=UUID('46c48f2a-2887-4a66-aa3f-d9d347fa9dd7'), conf={'cost_type': 'normal', 'fast_downward_search_config': 'astar', 'h_1': 'add', 'm': 3, 'preferred_1': 1, 'astar_h': 'cg', 'before_merging': True, 'before_shrinking': True, 'greedy': True, 'max_states': 142790316, 'nr_preferred': '3', 'number_h': '2', 'threshold_before_merge': False, 'w': 9, 'weight': 2, 'h_2': 'ff', 'h_3': 'cea', 'preferred_2': 1, 'preferred_3': 1}, generator=<Generator.random: 2>), /media/dweiss/Transcend7/AIPlan4EU/Code/Unified-Planning-Git/up-ac_110/cluster_for_paper/up-ac/up_ac/test_problems/safe_road/problem.pddl
2025-02-19 23:45:49,262 

2025-02-19 23:45:49,263 Wrapper TAE start Configuration(id=UUID('46c48f2a-2887-4a66-aa3f-d9d347fa9dd7'), conf={'cost_type': 'normal', 'fast_downward_search_config': 'astar', 'h_1': 'add', 'm': 3, 'preferred_1': 1, 'astar_h': 'cg', 'before_merging': True, 'before_shrinking': True, 'greedy': True, 'max_states': 142790316, 'nr_preferred': '3', 'number_h': '2', 'threshold_before_merge': False, 'w': 9, 'weight': 2, 'h_2': 'ff', 'h_3': 'cea', 'preferred_2': 1, 'preferred_3': 1}, generator=<Generator.random: 2>), /media/dweiss/Transcend7/AIPlan4EU/Code/Unified-Planning-Git/up-ac_110/cluster_for_paper/up-ac/up_ac/test_problems/depot/problem.pddl
2025-02-19 23:45:49,274 Binding TA to core: 5
2025-02-19 23:45:49,287 New child process 357403 
                                python3 CPU affinity set to core: 
                                5
2025-02-19 23:45:53,364 Wrapper TAE end Configuration(id=UUID('46c48f2a-2887-4a66-aa3f-d9d347fa9dd7'), conf={'cost_type': 'normal', 'fast_downward_search_config': 'astar', 'h_1': 'add', 'm': 3, 'preferred_1': 1, 'astar_h': 'cg', 'before_merging': True, 'before_shrinking': True, 'greedy': True, 'max_states': 142790316, 'nr_preferred': '3', 'number_h': '2', 'threshold_before_merge': False, 'w': 9, 'weight': 2, 'h_2': 'ff', 'h_3': 'cea', 'preferred_2': 1, 'preferred_3': 1}, generator=<Generator.random: 2>), /media/dweiss/Transcend7/AIPlan4EU/Code/Unified-Planning-Git/up-ac_110/cluster_for_paper/up-ac/up_ac/test_problems/depot/problem.pddl
2025-02-19 23:45:57,547 

2025-02-19 23:45:57,547 Wrapper TAE start Configuration(id=UUID('9503f07c-ed13-47a7-84cf-ebacb4c70d43'), conf={'cost_type': 'normal', 'fast_downward_search_config': 'astar', 'h_1': 'ff', 'm': 1, 'preferred_1': 1, 'astar_h': 'blind', 'before_merging': True, 'before_shrinking': True, 'greedy': True, 'max_states': 200000, 'nr_preferred': '1', 'number_h': '1', 'threshold_before_merge': True, 'w': 3, 'weight': 3, 'h_2': 'cea', 'h_3': 'cg', 'preferred_2': 2, 'preferred_3': 3}, generator=<Generator.default: 1>), /media/dweiss/Transcend7/AIPlan4EU/Code/Unified-Planning-Git/up-ac_110/cluster_for_paper/up-ac/up_ac/test_problems/depot/problem.pddl
2025-02-19 23:45:57,561 Binding TA to core: 0
2025-02-19 23:45:57,579 New child process 357524 
                                python3 CPU affinity set to core: 
                                0
2025-02-19 23:46:01,789 Wrapper TAE end Configuration(id=UUID('9503f07c-ed13-47a7-84cf-ebacb4c70d43'), conf={'cost_type': 'normal', 'fast_downward_search_config': 'astar', 'h_1': 'ff', 'm': 1, 'preferred_1': 1, 'astar_h': 'blind', 'before_merging': True, 'before_shrinking': True, 'greedy': True, 'max_states': 200000, 'nr_preferred': '1', 'number_h': '1', 'threshold_before_merge': True, 'w': 3, 'weight': 3, 'h_2': 'cea', 'h_3': 'cg', 'preferred_2': 2, 'preferred_3': 3}, generator=<Generator.default: 1>), /media/dweiss/Transcend7/AIPlan4EU/Code/Unified-Planning-Git/up-ac_110/cluster_for_paper/up-ac/up_ac/test_problems/depot/problem.pddl
2025-02-19 23:46:04,237 

2025-02-19 23:46:04,237 Wrapper TAE start Configuration(id=UUID('ff8942de-55ed-4bf5-8c02-ab95e361d2ad'), conf={'cost_type': 'normal', 'fast_downward_search_config': 'astar', 'h_1': 'ff', 'm': 1, 'preferred_1': 1, 'astar_h': 'blind', 'before_merging': True, 'before_shrinking': True, 'greedy': True, 'max_states': 200000, 'nr_preferred': '1', 'number_h': '1', 'threshold_before_merge': True, 'w': 3, 'weight': 3, 'h_2': 'cea', 'h_3': 'cg', 'preferred_2': 2, 'preferred_3': 3}, generator=<Generator.default: 1>), /media/dweiss/Transcend7/AIPlan4EU/Code/Unified-Planning-Git/up-ac_110/cluster_for_paper/up-ac/up_ac/test_problems/depot/problem.pddl
2025-02-19 23:46:04,252 Binding TA to core: 1
2025-02-19 23:46:04,265 New child process 357548 
                                python3 CPU affinity set to core: 
                                1
2025-02-19 23:46:07,323 Wrapper TAE end Configuration(id=UUID('ff8942de-55ed-4bf5-8c02-ab95e361d2ad'), conf={'cost_type': 'normal', 'fast_downward_search_config': 'astar', 'h_1': 'ff', 'm': 1, 'preferred_1': 1, 'astar_h': 'blind', 'before_merging': True, 'before_shrinking': True, 'greedy': True, 'max_states': 200000, 'nr_preferred': '1', 'number_h': '1', 'threshold_before_merge': True, 'w': 3, 'weight': 3, 'h_2': 'cea', 'h_3': 'cg', 'preferred_2': 2, 'preferred_3': 3}, generator=<Generator.default: 1>), /media/dweiss/Transcend7/AIPlan4EU/Code/Unified-Planning-Git/up-ac_110/cluster_for_paper/up-ac/up_ac/test_problems/depot/problem.pddl
2025-02-19 23:46:09,868 

2025-02-19 23:46:09,868 Wrapper TAE start Configuration(id=UUID('08200f2d-7797-4ffb-a5a6-2b9ef4b9919c'), conf={'cost_type': 'one', 'fast_downward_search_config': 'astar', 'h_1': 'add', 'm': 5, 'preferred_1': 2, 'astar_h': 'ff', 'before_merging': True, 'before_shrinking': False, 'greedy': False, 'max_states': 89353749, 'threshold_before_merge': False, 'nr_preferred': '2', 'number_h': '2', 'w': 2, 'weight': 9, 'h_2': 'cg', 'h_3': 'ff', 'preferred_2': 1, 'preferred_3': 1}, generator=<Generator.smac: 5>), /media/dweiss/Transcend7/AIPlan4EU/Code/Unified-Planning-Git/up-ac_110/cluster_for_paper/up-ac/up_ac/test_problems/safe_road/problem.pddl
2025-02-19 23:46:09,879 Binding TA to core: 2
2025-02-19 23:46:09,912 New child process 357585 
                                python3 CPU affinity set to core: 
                                2
2025-02-19 23:46:12,129 Wrapper TAE end Configuration(id=UUID('08200f2d-7797-4ffb-a5a6-2b9ef4b9919c'), conf={'cost_type': 'one', 'fast_downward_search_config': 'astar', 'h_1': 'add', 'm': 5, 'preferred_1': 2, 'astar_h': 'ff', 'before_merging': True, 'before_shrinking': False, 'greedy': False, 'max_states': 89353749, 'threshold_before_merge': False, 'nr_preferred': '2', 'number_h': '2', 'w': 2, 'weight': 9, 'h_2': 'cg', 'h_3': 'ff', 'preferred_2': 1, 'preferred_3': 1}, generator=<Generator.smac: 5>), /media/dweiss/Transcend7/AIPlan4EU/Code/Unified-Planning-Git/up-ac_110/cluster_for_paper/up-ac/up_ac/test_problems/safe_road/problem.pddl
